Build started 4/10/2019 1:38:54 AM.
     1>Project "C:\Users\Swapnil\Dropbox\SD_1.2_Project\Ahnaf\Project\patch-1\SD_LAB_PROJECT\SD_LAB_PROJECT\SD_LAB_PROJECT.vcxproj" on node 2 (Build target(s)).
     1>ClCompile:
         C:\Program Files (x86)\Microsoft Visual Studio 12.0\VC\bin\CL.exe /c /ZI /nologo /W3 /WX- /sdl /Od /Oy- /D _MBCS /Gm /EHsc /RTC1 /MDd /GS /fp:precise /Zc:wchar_t /Zc:forScope /Fo"Debug\\" /Fd"Debug\vc120.pdb" /Gd /TP /analyze- /errorReport:prompt iMain.cpp
         iMain.cpp
     1>c:\users\swapnil\dropbox\sd_1.2_project\ahnaf\project\patch-1\sd_lab_project\sd_lab_project\imain.cpp(2): fatal error C1083: Cannot open include file: 'bits/stdc++.h': No such file or directory
     1>Done Building Project "C:\Users\Swapnil\Dropbox\SD_1.2_Project\Ahnaf\Project\patch-1\SD_LAB_PROJECT\SD_LAB_PROJECT\SD_LAB_PROJECT.vcxproj" (Build target(s)) -- FAILED.

Build FAILED.

Time Elapsed 00:00:00.63
